build/outputs/logs/manifest-merger-release-report.txt
-- Merging decision tree log ---
manifest
ADDED from zhiyue/jiayue_1.0/AndroidManifest.xml:2:1-773:12
INJECTED from zhiyue/jiayue_1.0/AndroidManifest.xml:2:1-773:12
INJECTED from zhiyue/jiayue_1.0/AndroidManifest.xml:2:1-773:12
INJECTED from zhiyue/jiayue_1.0/AndroidManifest.xml:2:1-773:12
MERGED from [:GDTSDK:] AndroidManifest.xml:2:1-50:12
MERGED from [com.github.barteksc:android-pdf-viewer:2.8.2] AndroidManifest.xml:2:1-11:12
MERGED from [com.github.barteksc:pdfium-android:1.7.1] AndroidManifest.xml:2:1-11:12
MERGED from [androidx.legacy:legacy-support-v4:1.0.0] AndroidManifest.xml:17:1-22:12
MERGED from [com.google.android.material:material:1.0.0] AndroidManifest.xml:17:1-24:12
MERGED from [androidx.appcompat:appcompat:1.0.0] AndroidManifest.xml:17:1-22:12
MERGED from [androidx.recyclerview:recyclerview:1.0.0] AndroidManifest.xml:17:1-22:12
MERGED from [androidx.multidex:multidex:2.0.0] AndroidManifest.xml:17:1-22:12
MERGED from [androidx.constraintlayout:constraintlayout:1.1.3] AndroidManifest.xml:2:1-11:12
MERGED from [com.github.CymChad:BaseRecyclerViewAdapterHelper:2.9.30] AndroidManifest.xml:2:1-11:12
MERGED from [com.youth.banner:banner:1.4.10] AndroidManifest.xml:2:1-11:12
MERGED from [com.google.android.gms:play-services-ads:18.2.0] AndroidManifest.xml:17:1-25:12
MERGED from [com.github.bumptech.glide:glide:4.10.0] AndroidManifest.xml:2:1-12:12
MERGED from [pl.droidsonroids.gif:android-gif-drawable:1.2.15] AndroidManifest.xml:2:1-10:12
MERGED from [androidx.media:media:1.0.0] AndroidManifest.xml:17:1-22:12
MERGED from [com.google.android.gms:play-services-ads-lite:18.2.0] AndroidManifest.xml:17:1-42:12
MERGED from [com.google.android.gms:play-services-measurement:17.0.0] AndroidManifest.xml:17:1-55:12
MERGED from [com.google.android.gms:play-services-measurement-sdk:17.0.0] AndroidManifest.xml:17:1-25:12
MERGED from [com.google.android.gms:play-services-measurement-impl:17.0.0] AndroidManifest.xml:17:1-40:12
MERGED from [com.google.android.gms:play-services-ads-identifier:17.0.0] AndroidManifest.xml:17:1-24:12
MERGED from [com.google.android.gms:play-services-gass:18.2.0] AndroidManifest.xml:2:1-9:12
MERGED from [com.google.android.gms:play-services-measurement-sdk-api:17.0.0] AndroidManifest.xml:17:1-40:12
MERGED from [com.google.android.gms:play-services-measurement-base:17.0.0] AndroidManifest.xml:2:1-9:12
MERGED from [com.google.android.gms:play-services-stats:17.0.0] AndroidManifest.xml:2:1-9:12
MERGED from [com.google.android.gms:play-services-basement:17.0.0] AndroidManifest.xml:17:1-28:12
MERGED from [androidx.fragment:fragment:1.0.0] AndroidManifest.xml:17:1-22:12
MERGED from [androidx.vectordrawable:vectordrawable-animated:1.0.0] AndroidManifest.xml:17:1-22:12
MERGED from [androidx.browser:browser:1.0.0] AndroidManifest.xml:17:1-22:12
MERGED from [androidx.legacy:legacy-support-core-ui:1.0.0] AndroidManifest.xml:17:1-22:12
MERGED from [androidx.legacy:legacy-support-core-utils:1.0.0] AndroidManifest.xml:17:1-22:12
MERGED from [androidx.vectordrawable:vectordrawable:1.0.0] AndroidManifest.xml:17:1-22:12
MERGED from [androidx.transition:transition:1.0.0] AndroidManifest.xml:17:1-22:12
MERGED from [androidx.loader:loader:1.0.0] AndroidManifest.xml:17:1-22:12
MERGED from [androidx.viewpager:viewpager:1.0.0] AndroidManifest.xml:17:1-22:12
MERGED from [androidx.coordinatorlayout:coordinatorlayout:1.0.0] AndroidManifest.xml:17:1-22:12
MERGED from [androidx.drawerlayout:drawerlayout:1.0.0] AndroidManifest.xml:17:1-22:12
MERGED from [androidx.slidingpanelayout:slidingpanelayout:1.0.0] AndroidManifest.xml:17:1-22:12
MERGED from [androidx.customview:customview:1.0.0] AndroidManifest.xml:17:1-22:12
MERGED from [androidx.swiperefreshlayout:swiperefreshlayout:1.0.0] AndroidManifest.xml:17:1-22:12
MERGED from [androidx.asynclayoutinflater:asynclayoutinflater:1.0.0] AndroidManifest.xml:17:1-22:12
MERGED from [androidx.core:core:1.0.0] AndroidManifest.xml:17:1-24:12
MERGED from [androidx.versionedparcelable:versionedparcelable:1.0.0] AndroidManifest.xml:17:1-25:12
MERGED from [androidx.cursoradapter:cursoradapter:1.0.0] AndroidManifest.xml:17:1-22:12
MERGED from [androidx.cardview:cardview:1.0.0] AndroidManifest.xml:17:1-22:12
MERGED from [com.github.bumptech.glide:gifdecoder:4.10.0] AndroidManifest.xml:2:1-11:12
MERGED from [androidx.lifecycle:lifecycle-runtime:2.0.0] AndroidManifest.xml:17:1-22:12
MERGED from [androidx.documentfile:documentfile:1.0.0] AndroidManifest.xml:17:1-22:12
MERGED from [androidx.localbroadcastmanager:localbroadcastmanager:1.0.0] AndroidManifest.xml:17:1-22:12
MERGED from [androidx.print:print:1.0.0] AndroidManifest.xml:17:1-22:12
MERGED from [androidx.interpolator:interpolator:1.0.0] AndroidManifest.xml:17:1-22:12
MERGED from [androidx.lifecycle:lifecycle-viewmodel:2.0.0] AndroidManifest.xml:17:1-22:12
MERGED from [androidx.lifecycle:lifecycle-livedata:2.0.0] AndroidManifest.xml:17:1-22:12
MERGED from [androidx.lifecycle:lifecycle-livedata-core:2.0.0] AndroidManifest.xml:17:1-22:12
MERGED from [androidx.arch.core:core-runtime:2.0.0] AndroidManifest.xml:17:1-22:12
MERGED from [com.google.android.gms:play-services-ads-base:18.2.0] AndroidManifest.xml:2:1-9:12
INJECTED from zhiyue/jiayue_1.0/AndroidManifest.xml:2:1-773:12
INJECTED from zhiyue/jiayue_1.0/AndroidManifest.xml:2:1-773:12
INJECTED from zhiyue/jiayue_1.0/AndroidManifest.xml:2:1-773:12
	package
		ADDED from zhiyue/jiayue_1.0/AndroidManifest.xml:4:5-25
		INJECTED from zhiyue/jiayue_1.0/AndroidManifest.xml
		INJECTED from zhiyue/jiayue_1.0/AndroidManifest.xml
	android:versionName
		INJECTED from zhiyue/jiayue_1.0/AndroidManifest.xml
		ADDED from zhiyue/jiayue_1.0/AndroidManifest.xml:2:1-773:12
		INJECTED from zhiyue/jiayue_1.0/AndroidManifest.xml
	xmlns:tools
		ADDED from zhiyue/jiayue_1.0/AndroidManifest.xml:3:5-51
	android:versionCode
		INJECTED from zhiyue/jiayue_1.0/AndroidManifest.xml
		ADDED from zhiyue/jiayue_1.0/AndroidManifest.xml:2:1-773:12
		INJECTED from zhiyue/jiayue_1.0/AndroidManifest.xml
	xmlns:android
		ADDED from zhiyue/jiayue_1.0/AndroidManifest.xml:2:11-69
uses-feature#0x00020000
ADDED from zhiyue/jiayue_1.0/AndroidManifest.xml:6:5-8:35
	android:glEsVersion
		ADDED from zhiyue/jiayue_1.0/AndroidManifest.xml:7:9-41
	android:required
		ADDED from zhiyue/jiayue_1.0/AndroidManifest.xml:8:9-32
uses-feature#android.hardware.camera
ADDED from zhiyue/jiayue_1.0/AndroidManifest.xml:9:5-60
	android:name
		ADDED from zhiyue/jiayue_1.0/AndroidManifest.xml:9:19-57
uses-feature#android.hardware.camera.autofocus
ADDED from zhiyue/jiayue_1.0/AndroidManifest.xml:10:5-70
	android:name
		ADDED from zhiyue/jiayue_1.0/AndroidManifest.xml:10:19-67
uses-permission#android.permission.SYSTEM_ALERT_WINDOW
ADDED from zhiyue/jiayue_1.0/AndroidManifest.xml:16:5-78
	android:name
		ADDED from zhiyue/jiayue_1.0/AndroidManifest.xml:16:22-75
uses-permission#android.permission.ACCESS_WIFI_STATE
ADDED from zhiyue/jiayue_1.0/AndroidManifest.xml:17:5-76
MERGED from [:GDTSDK:] AndroidManifest.xml:14:5-76
MERGED from [:GDTSDK:] AndroidManifest.xml:14:5-76
	android:name
		ADDED from zhiyue/jiayue_1.0/AndroidManifest.xml:17:22-73
uses-permission#android.permission.WRITE_SETTINGS
ADDED from zhiyue/jiayue_1.0/AndroidManifest.xml:18:5-20:47
	tools:ignore
		ADDED from zhiyue/jiayue_1.0/AndroidManifest.xml:20:9-44
	android:name
		ADDED from zhiyue/jiayue_1.0/AndroidManifest.xml:19:9-57
uses-permission#android.permission.CHANGE_WIFI_STATE
ADDED from zhiyue/jiayue_1.0/AndroidManifest.xml:21:5-76
	android:name
		ADDED from zhiyue/jiayue_1.0/AndroidManifest.xml:21:22-73
uses-permission#android.permission.WAKE_LOCK
ADDED from zhiyue/jiayue_1.0/AndroidManifest.xml:22:5-68
MERGED from [com.google.android.gms:play-services-measurement:17.0.0] AndroidManifest.xml:25:5-68
MERGED from [com.google.android.gms:play-services-measurement:17.0.0] AndroidManifest.xml:25:5-68
MERGED from [com.google.android.gms:play-services-measurement-impl:17.0.0] AndroidManifest.xml:25:5-68
MERGED from [com.google.android.gms:play-services-measurement-impl:17.0.0] AndroidManifest.xml:25:5-68
MERGED from [com.google.android.gms:play-services-measurement-sdk-api:17.0.0] AndroidManifest.xml:25:5-68
MERGED from [com.google.android.gms:play-services-measurement-sdk-api:17.0.0] AndroidManifest.xml:25:5-68
	android:name
		ADDED from zhiyue/jiayue_1.0/AndroidManifest.xml:22:22-65
uses-permission#android.permission.MOUNT_UNMOUNT_FILESYSTEMS
ADDED from zhiyue/jiayue_1.0/AndroidManifest.xml:23:5-25:47
	tools:ignore
		ADDED from zhiyue/jiayue_1.0/AndroidManifest.xml:25:9-44
	android:name
		ADDED from zhiyue/jiayue_1.0/AndroidManifest.xml:24:9-68
uses-permission#android.permission.CAMERA
ADDED from zhiyue/jiayue_1.0/AndroidManifest.xml:26:5-65
	android:name
		ADDED from zhiyue/jiayue_1.0/AndroidManifest.xml:26:22-62
uses-permission#android.permission.INTERNET
ADDED from zhiyue/jiayue_1.0/AndroidManifest.xml:27:5-67
MERGED from [:GDTSDK:] AndroidManifest.xml:12:5-67
MERGED from [:GDTSDK:] AndroidManifest.xml:12:5-67
MERGED from [com.google.android.gms:play-services-ads-lite:18.2.0] AndroidManifest.xml:23:5-67
MERGED from [com.google.android.gms:play-services-ads-lite:18.2.0] AndroidManifest.xml:23:5-67
MERGED from [com.google.android.gms:play-services-measurement:17.0.0] AndroidManifest.xml:23:5-67
MERGED from [com.google.android.gms:play-services-measurement:17.0.0] AndroidManifest.xml:23:5-67
MERGED from [com.google.android.gms:play-services-measurement-impl:17.0.0] AndroidManifest.xml:23:5-67
MERGED from [com.google.android.gms:play-services-measurement-impl:17.0.0] AndroidManifest.xml:23:5-67
MERGED from [com.google.android.gms:play-services-measurement-sdk-api:17.0.0] AndroidManifest.xml:23:5-67
MERGED from [com.google.android.gms:play-services-measurement-sdk-api:17.0.0] AndroidManifest.xml:23:5-67
	android:name
		ADDED from zhiyue/jiayue_1.0/AndroidManifest.xml:27:22-64
uses-permission#android.permission.ACCESS_NETWORK_STATE
ADDED from zhiyue/jiayue_1.0/AndroidManifest.xml:28:5-79
MERGED from [:GDTSDK:] AndroidManifest.xml:13:5-79
MERGED from [:GDTSDK:] AndroidManifest.xml:13:5-79
MERGED from [com.google.android.gms:play-services-ads-lite:18.2.0] AndroidManifest.xml:24:5-79
MERGED from [com.google.android.gms:play-services-ads-lite:18.2.0] AndroidManifest.xml:24:5-79
MERGED from [com.google.android.gms:play-services-measurement:17.0.0] AndroidManifest.xml:24:5-79
MERGED from [com.google.android.gms:play-services-measurement:17.0.0] AndroidManifest.xml:24:5-79
MERGED from [com.google.android.gms:play-services-measurement-impl:17.0.0] AndroidManifest.xml:24:5-79
MERGED from [com.google.android.gms:play-services-measurement-impl:17.0.0] AndroidManifest.xml:24:5-79
MERGED from [com.google.android.gms:play-services-measurement-sdk-api:17.0.0] AndroidManifest.xml:24:5-79
MERGED from [com.google.android.gms:play-services-measurement-sdk-api:17.0.0] AndroidManifest.xml:24:5-79
	android:name
		ADDED from zhiyue/jiayue_1.0/AndroidManifest.xml:28:22-76
uses-permission#android.permission.CHANGE_NETWORK_STATE
ADDED from zhiyue/jiayue_1.0/AndroidManifest.xml:29:5-79
	android:name
		ADDED from zhiyue/jiayue_1.0/AndroidManifest.xml:29:22-76
uses-permission#android.permission.WRITE_EXTERNAL_STORAGE
ADDED from zhiyue/jiayue_1.0/AndroidManifest.xml:30:5-81
	android:name
		ADDED from zhiyue/jiayue_1.0/AndroidManifest.xml:30:22-78
uses-permission#android.permission.READ_EXTERNAL_STORAGE
ADDED from zhiyue/jiayue_1.0/AndroidManifest.xml:31:5-80
	android:name
		ADDED from zhiyue/jiayue_1.0/AndroidManifest.xml:31:22-77
uses-permission#android.permission.VIBRATE
ADDED from zhiyue/jiayue_1.0/AndroidManifest.xml:32:5-66
	android:name
		ADDED from zhiyue/jiayue_1.0/AndroidManifest.xml:32:22-63
uses-permission#android.permission.READ_PHONE_STATE
ADDED from zhiyue/jiayue_1.0/AndroidManifest.xml:33:5-75
	android:name
		ADDED from zhiyue/jiayue_1.0/AndroidManifest.xml:33:22-72
uses-permission#android.permission.ACCESS_FINE_LOCATION
ADDED from zhiyue/jiayue_1.0/AndroidManifest.xml:34:5-79
	android:name
		ADDED from zhiyue/jiayue_1.0/AndroidManifest.xml:34:22-76
uses-permission#android.permission.ACCESS_COARSE_LOCATION
ADDED from zhiyue/jiayue_1.0/AndroidManifest.xml:35:5-81
	android:name
		ADDED from zhiyue/jiayue_1.0/AndroidManifest.xml:35:22-78
uses-permission#android.permission.ACCESS_LOCATION_EXTRA_COMMANDS
ADDED from zhiyue/jiayue_1.0/AndroidManifest.xml:36:5-89
	android:name
		ADDED from zhiyue/jiayue_1.0/AndroidManifest.xml:36:22-86
uses-permission#android.permission.RECORD_AUDIO
ADDED from zhiyue/jiayue_1.0/AndroidManifest.xml:37:5-71
	android:name
		ADDED from zhiyue/jiayue_1.0/AndroidManifest.xml:37:22-68
application
ADDED from zhiyue/jiayue_1.0/AndroidManifest.xml:39:5-771:19
MERGED from [:GDTSDK:] AndroidManifest.xml:16:5-48:19
MERGED from [:GDTSDK:] AndroidManifest.xml:16:5-48:19
MERGED from [com.google.android.material:material:1.0.0] AndroidManifest.xml:22:5-20
MERGED from [com.google.android.material:material:1.0.0] AndroidManifest.xml:22:5-20
MERGED from [androidx.constraintlayout:constraintlayout:1.1.3] AndroidManifest.xml:9:5-20
MERGED from [androidx.constraintlayout:constraintlayout:1.1.3] AndroidManifest.xml:9:5-20
MERGED from [com.github.bumptech.glide:glide:4.10.0] AndroidManifest.xml:10:5-20
MERGED from [com.github.bumptech.glide:glide:4.10.0] AndroidManifest.xml:10:5-20
MERGED from [com.google.android.gms:play-services-ads-lite:18.2.0] AndroidManifest.xml:26:5-40:19
MERGED from [com.google.android.gms:play-services-ads-lite:18.2.0] AndroidManifest.xml:26:5-40:19
MERGED from [com.google.android.gms:play-services-measurement:17.0.0] AndroidManifest.xml:28:5-53:19
MERGED from [com.google.android.gms:play-services-measurement:17.0.0] AndroidManifest.xml:28:5-53:19
MERGED from [com.google.android.gms:play-services-measurement-sdk:17.0.0] AndroidManifest.xml:22:5-23:19
MERGED from [com.google.android.gms:play-services-measurement-sdk:17.0.0] AndroidManifest.xml:22:5-23:19
MERGED from [com.google.android.gms:play-services-measurement-impl:17.0.0] AndroidManifest.xml:28:5-38:19
MERGED from [com.google.android.gms:play-services-measurement-impl:17.0.0] AndroidManifest.xml:28:5-38:19
MERGED from [com.google.android.gms:play-services-ads-identifier:17.0.0] AndroidManifest.xml:22:5-20
MERGED from [com.google.android.gms:play-services-ads-identifier:17.0.0] AndroidManifest.xml:22:5-20
MERGED from [com.google.android.gms:play-services-gass:18.2.0] AndroidManifest.xml:7:5-20
MERGED from [com.google.android.gms:play-services-gass:18.2.0] AndroidManifest.xml:7:5-20
MERGED from [com.google.android.gms:play-services-measurement-sdk-api:17.0.0] AndroidManifest.xml:28:5-38:19
MERGED from [com.google.android.gms:play-services-measurement-sdk-api:17.0.0] AndroidManifest.xml:28:5-38:19
MERGED from [com.google.android.gms:play-services-measurement-base:17.0.0] AndroidManifest.xml:7:5-20
MERGED from [com.google.android.gms:play-services-measurement-base:17.0.0] AndroidManifest.xml:7:5-20
MERGED from [com.google.android.gms:play-services-stats:17.0.0] AndroidManifest.xml:7:5-20
MERGED from [com.google.android.gms:play-services-stats:17.0.0] AndroidManifest.xml:7:5-20
MERGED from [com.google.android.gms:play-services-basement:17.0.0] AndroidManifest.xml:22:5-26:19
MERGED from [com.google.android.gms:play-services-basement:17.0.0] AndroidManifest.xml:22:5-26:19
MERGED from [androidx.core:core:1.0.0] AndroidManifest.xml:22:5-89
MERGED from [androidx.core:core:1.0.0] AndroidManifest.xml:22:5-89
MERGED from [androidx.versionedparcelable:versionedparcelable:1.0.0] AndroidManifest.xml:22:5-23:19
MERGED from [androidx.versionedparcelable:versionedparcelable:1.0.0] AndroidManifest.xml:22:5-23:19
MERGED from [com.github.bumptech.glide:gifdecoder:4.10.0] AndroidManifest.xml:9:5-20
MERGED from [com.github.bumptech.glide:gifdecoder:4.10.0] AndroidManifest.xml:9:5-20
MERGED from [com.google.android.gms:play-services-ads-base:18.2.0] AndroidManifest.xml:7:5-20
MERGED from [com.google.android.gms:play-services-ads-base:18.2.0] AndroidManifest.xml:7:5-20
	android:appComponentFactory
		ADDED from [androidx.core:core:1.0.0] AndroidManifest.xml:22:18-86
	android:label
		ADDED from zhiyue/jiayue_1.0/AndroidManifest.xml:42:9-41
	android:icon
		ADDED from zhiyue/jiayue_1.0/AndroidManifest.xml:41:9-38
	android:theme
		ADDED from zhiyue/jiayue_1.0/AndroidManifest.xml:43:9-40
	android:usesCleartextTraffic
		ADDED from zhiyue/jiayue_1.0/AndroidManifest.xml:44:9-44
	android:name
		ADDED from zhiyue/jiayue_1.0/AndroidManifest.xml:40:9-38
activity#com.jiayue.PDFViewActivity
ADDED from zhiyue/jiayue_1.0/AndroidManifest.xml:45:9-47:47
	android:theme
		ADDED from zhiyue/jiayue_1.0/AndroidManifest.xml:47:13-44
	android:name
		ADDED from zhiyue/jiayue_1.0/AndroidManifest.xml:46:13-44
activity#com.jiayue.SplashADActivity
ADDED from zhiyue/jiayue_1.0/AndroidManifest.xml:48:9-58:20
	android:screenOrientation
		ADDED from zhiyue/jiayue_1.0/AndroidManifest.xml:51:13-49
	android:windowSoftInputMode
		ADDED from zhiyue/jiayue_1.0/AndroidManifest.xml:53:13-54
	android:configChanges
		ADDED from zhiyue/jiayue_1.0/AndroidManifest.xml:50:13-83
	android:theme
		ADDED from zhiyue/jiayue_1.0/AndroidManifest.xml:52:13-71
	android:name
		ADDED from zhiyue/jiayue_1.0/AndroidManifest.xml:49:13-45
activity#com.jiayue.ChooseMusicAll
ADDED from zhiyue/jiayue_1.0/AndroidManifest.xml:59:9-61:47
	android:theme
		ADDED from zhiyue/jiayue_1.0/AndroidManifest.xml:61:13-44
	android:name
		ADDED from zhiyue/jiayue_1.0/AndroidManifest.xml:60:13-43
meta-data#com.google.android.gms.ads.APPLICATION_ID
ADDED from zhiyue/jiayue_1.0/AndroidManifest.xml:66:9-68:70
	android:value
		ADDED from zhiyue/jiayue_1.0/AndroidManifest.xml:68:13-67
	android:name
		ADDED from zhiyue/jiayue_1.0/AndroidManifest.xml:67:13-69
activity#com.jiayue.SplashActivity
ADDED from zhiyue/jiayue_1.0/AndroidManifest.xml:69:9-79:20
	android:screenOrientation
		ADDED from zhiyue/jiayue_1.0/AndroidManifest.xml:71:13-49
	android:windowSoftInputMode
		ADDED from zhiyue/jiayue_1.0/AndroidManifest.xml:73:13-55
	android:theme
		ADDED from zhiyue/jiayue_1.0/AndroidManifest.xml:72:13-43
	android:name
		ADDED from zhiyue/jiayue_1.0/AndroidManifest.xml:70:13-43
intent-filter#action:name:android.intent.action.MAIN+category:name:android.intent.category.LAUNCHER
ADDED from zhiyue/jiayue_1.0/AndroidManifest.xml:74:13-78:29
action#android.intent.action.MAIN
ADDED from zhiyue/jiayue_1.0/AndroidManifest.xml:75:17-69
	android:name
		ADDED from zhiyue/jiayue_1.0/AndroidManifest.xml:75:25-66
category#android.intent.category.LAUNCHER
ADDED from zhiyue/jiayue_1.0/AndroidManifest.xml:77:17-77
	android:name
		ADDED from zhiyue/jiayue_1.0/AndroidManifest.xml:77:27-74
activity#com.jiayue.MyActivity
ADDED from zhiyue/jiayue_1.0/AndroidManifest.xml:80:9-92:20
	android:screenOrientation
		ADDED from zhiyue/jiayue_1.0/AndroidManifest.xml:82:13-49
	android:windowSoftInputMode
		ADDED from zhiyue/jiayue_1.0/AndroidManifest.xml:84:13-55
	android:theme
		ADDED from zhiyue/jiayue_1.0/AndroidManifest.xml:83:13-63
	android:name
		ADDED from zhiyue/jiayue_1.0/AndroidManifest.xml:81:13-39
activity#com.jiayue.DataActivity
ADDED from zhiyue/jiayue_1.0/AndroidManifest.xml:93:9-109:20
	android:screenOrientation
		ADDED from zhiyue/jiayue_1.0/AndroidManifest.xml:95:13-49
	android:name
		ADDED from zhiyue/jiayue_1.0/AndroidManifest.xml:94:13-41
intent-filter#action:name:android.intent.action.VIEW+category:name:android.intent.category.BROWSABLE+category:name:android.intent.category.DEFAULT+data:host:m+book+data:path:/home+data:port:8888+data:scheme:pndoo
ADDED from zhiyue/jiayue_1.0/AndroidManifest.xml:96:13-108:29
category#android.intent.category.DEFAULT
ADDED from zhiyue/jiayue_1.0/AndroidManifest.xml:97:17-76
	android:name
		ADDED from zhiyue/jiayue_1.0/AndroidManifest.xml:97:27-73
action#android.intent.action.VIEW
ADDED from zhiyue/jiayue_1.0/AndroidManifest.xml:99:17-69
	android:name
		ADDED from zhiyue/jiayue_1.0/AndroidManifest.xml:99:25-66
category#android.intent.category.BROWSABLE
ADDED from zhiyue/jiayue_1.0/AndroidManifest.xml:101:17-78
	android:name
		ADDED from zhiyue/jiayue_1.0/AndroidManifest.xml:101:27-75
data
ADDED from zhiyue/jiayue_1.0/AndroidManifest.xml:103:17-107:46
	android:path
		ADDED from zhiyue/jiayue_1.0/AndroidManifest.xml:105:21-41
	android:host
		ADDED from zhiyue/jiayue_1.0/AndroidManifest.xml:104:21-42
	android:port
		ADDED from zhiyue/jiayue_1.0/AndroidManifest.xml:106:21-40
	android:scheme
		ADDED from zhiyue/jiayue_1.0/AndroidManifest.xml:107:21-43
	android:pathPattern
		ADDED from zhiyue/jiayue_1.0/AndroidManifest.xml:490:23-53
	android:mimeType
		ADDED from zhiyue/jiayue_1.0/AndroidManifest.xml:480:23-57
meta-data#pndoo
ADDED from zhiyue/jiayue_1.0/AndroidManifest.xml:111:9-113:42
	android:value
		ADDED from zhiyue/jiayue_1.0/AndroidManifest.xml:113:13-39
	android:name
		ADDED from zhiyue/jiayue_1.0/AndroidManifest.xml:112:13-33
activity#com.jiayue.AddBookActivity
ADDED from zhiyue/jiayue_1.0/AndroidManifest.xml:114:9-120:55
	android:screenOrientation
		ADDED from zhiyue/jiayue_1.0/AndroidManifest.xml:118:13-49
	android:label
		ADDED from zhiyue/jiayue_1.0/AndroidManifest.xml:116:13-45
	android:launchMode
		ADDED from zhiyue/jiayue_1.0/AndroidManifest.xml:117:13-43
	android:windowSoftInputMode
		ADDED from zhiyue/jiayue_1.0/AndroidManifest.xml:120:13-52
	android:theme
		ADDED from zhiyue/jiayue_1.0/AndroidManifest.xml:119:13-43
	android:name
		ADDED from zhiyue/jiayue_1.0/AndroidManifest.xml:115:13-44
activity#io.vov.vitamio.activity.InitActivity
ADDED from zhiyue/jiayue_1.0/AndroidManifest.xml:121:9-126:63
	android:launchMode
		ADDED from zhiyue/jiayue_1.0/AndroidManifest.xml:124:13-43
	android:windowSoftInputMode
		ADDED from zhiyue/jiayue_1.0/AndroidManifest.xml:126:13-60
	android:configChanges
		ADDED from zhiyue/jiayue_1.0/AndroidManifest.xml:123:13-113
	android:theme
		ADDED from zhiyue/jiayue_1.0/AndroidManifest.xml:125:13-60
	android:name
		ADDED from zhiyue/jiayue_1.0/AndroidManifest.xml:122:13-64
activity#com.jiayue.BookActivity
ADDED from zhiyue/jiayue_1.0/AndroidManifest.xml:128:9-134:55
	android:screenOrientation
		ADDED from zhiyue/jiayue_1.0/AndroidManifest.xml:132:13-49
	android:label
		ADDED from zhiyue/jiayue_1.0/AndroidManifest.xml:130:13-45
	android:launchMode
		ADDED from zhiyue/jiayue_1.0/AndroidManifest.xml:131:13-43
	android:windowSoftInputMode
		ADDED from zhiyue/jiayue_1.0/AndroidManifest.xml:134:13-52
	android:theme
		ADDED from zhiyue/jiayue_1.0/AndroidManifest.xml:133:13-43
	android:name
		ADDED from zhiyue/jiayue_1.0/AndroidManifest.xml:129:13-41
activity#com.jiayue.PayTotalActivity
ADDED from zhiyue/jiayue_1.0/AndroidManifest.xml:135:9-138:52
	android:screenOrientation
		ADDED from zhiyue/jiayue_1.0/AndroidManifest.xml:138:13-49
	android:launchMode
		ADDED from zhiyue/jiayue_1.0/AndroidManifest.xml:137:13-43
	android:name
		ADDED from zhiyue/jiayue_1.0/AndroidManifest.xml:136:13-45
activity#com.jiayue.PaySubmitActivity
ADDED from zhiyue/jiayue_1.0/AndroidManifest.xml:139:9-145:55
	android:screenOrientation
		ADDED from zhiyue/jiayue_1.0/AndroidManifest.xml:143:13-49
	android:label
		ADDED from zhiyue/jiayue_1.0/AndroidManifest.xml:141:13-45
	android:launchMode
		ADDED from zhiyue/jiayue_1.0/AndroidManifest.xml:142:13-43
	android:windowSoftInputMode
		ADDED from zhiyue/jiayue_1.0/AndroidManifest.xml:145:13-52
	android:theme
		ADDED from zhiyue/jiayue_1.0/AndroidManifest.xml:144:13-43
	android:name
		ADDED from zhiyue/jiayue_1.0/AndroidManifest.xml:140:13-46
activity#com.jiayue.PayChooseActivity
ADDED from zhiyue/jiayue_1.0/AndroidManifest.xml:146:9-160:20
	android:screenOrientation
		ADDED from zhiyue/jiayue_1.0/AndroidManifest.xml:150:13-49
	android:label
		ADDED from zhiyue/jiayue_1.0/AndroidManifest.xml:148:13-45
	android:launchMode
		ADDED from zhiyue/jiayue_1.0/AndroidManifest.xml:149:13-43
	android:windowSoftInputMode
		ADDED from zhiyue/jiayue_1.0/AndroidManifest.xml:152:13-52
	android:theme
		ADDED from zhiyue/jiayue_1.0/AndroidManifest.xml:151:13-43
	android:name
		ADDED from zhiyue/jiayue_1.0/AndroidManifest.xml:147:13-46
intent-filter#action:name:android.intent.action.VIEW+category:name:android.intent.category.DEFAULT+data:scheme:wxb5c69e77124b6557
ADDED from zhiyue/jiayue_1.0/AndroidManifest.xml:153:13-159:29
activity#com.jiayue.TestImageActivity
ADDED from zhiyue/jiayue_1.0/AndroidManifest.xml:161:9-167:55
	android:screenOrientation
		ADDED from zhiyue/jiayue_1.0/AndroidManifest.xml:165:13-49
	android:label
		ADDED from zhiyue/jiayue_1.0/AndroidManifest.xml:163:13-45
	android:launchMode
		ADDED from zhiyue/jiayue_1.0/AndroidManifest.xml:164:13-43
	android:windowSoftInputMode
		ADDED from zhiyue/jiayue_1.0/AndroidManifest.xml:167:13-52
	android:theme
		ADDED from zhiyue/jiayue_1.0/AndroidManifest.xml:166:13-43
	android:name
		ADDED from zhiyue/jiayue_1.0/AndroidManifest.xml:162:13-46
activity#com.jiayue.vr.VRPlayActivity
ADDED from zhiyue/jiayue_1.0/AndroidManifest.xml:168:9-175:70
	android:windowActionBarOverlay
		ADDED from zhiyue/jiayue_1.0/AndroidManifest.xml:174:13-50
	android:screenOrientation
		ADDED from zhiyue/jiayue_1.0/AndroidManifest.xml:172:13-50
	android:hardwareAccelerated
		ADDED from zhiyue/jiayue_1.0/AndroidManifest.xml:171:13-47
	android:windowSoftInputMode
		ADDED from zhiyue/jiayue_1.0/AndroidManifest.xml:175:13-67
	android:configChanges
		ADDED from zhiyue/jiayue_1.0/AndroidManifest.xml:170:13-74
	android:theme
		ADDED from zhiyue/jiayue_1.0/AndroidManifest.xml:173:13-46
	android:name
		ADDED from zhiyue/jiayue_1.0/AndroidManifest.xml:169:13-46
activity#com.jiayue.view.camera.AutoFocusActivity
ADDED from zhiyue/jiayue_1.0/AndroidManifest.xml:185:9-187:52
	android:screenOrientation
		ADDED from zhiyue/jiayue_1.0/AndroidManifest.xml:187:13-49
	android:name
		ADDED from zhiyue/jiayue_1.0/AndroidManifest.xml:186:13-58
activity#com.alipay.sdk.app.H5PayActivity
ADDED from zhiyue/jiayue_1.0/AndroidManifest.xml:188:9-192:50
	android:screenOrientation
		ADDED from zhiyue/jiayue_1.0/AndroidManifest.xml:192:13-47
	android:exported
		ADDED from zhiyue/jiayue_1.0/AndroidManifest.xml:191:13-37
	android:configChanges
		ADDED from zhiyue/jiayue_1.0/AndroidManifest.xml:190:13-74
	android:name
		ADDED from zhiyue/jiayue_1.0/AndroidManifest.xml:189:13-60
activity#com.alipay.sdk.auth.AuthActivity
ADDED from zhiyue/jiayue_1.0/AndroidManifest.xml:193:9-197:50
	android:screenOrientation
		ADDED from zhiyue/jiayue_1.0/AndroidManifest.xml:197:13-47
	android:exported
		ADDED from zhiyue/jiayue_1.0/AndroidManifest.xml:196:13-37
	android:configChanges
		ADDED from zhiyue/jiayue_1.0/AndroidManifest.xml:195:13-74
	android:name
		ADDED from zhiyue/jiayue_1.0/AndroidManifest.xml:194:13-60
activity#com.jiayue.ZhiboActivity
ADDED from zhiyue/jiayue_1.0/AndroidManifest.xml:198:9-204:55
	android:screenOrientation
		ADDED from zhiyue/jiayue_1.0/AndroidManifest.xml:202:13-49
	android:label
		ADDED from zhiyue/jiayue_1.0/AndroidManifest.xml:200:13-45
	android:launchMode
		ADDED from zhiyue/jiayue_1.0/AndroidManifest.xml:201:13-43
	android:windowSoftInputMode
		ADDED from zhiyue/jiayue_1.0/AndroidManifest.xml:204:13-52
	android:theme
		ADDED from zhiyue/jiayue_1.0/AndroidManifest.xml:203:13-43
	android:name
		ADDED from zhiyue/jiayue_1.0/AndroidManifest.xml:199:13-42
activity#com.jiayue.YuGaoActivity
ADDED from zhiyue/jiayue_1.0/AndroidManifest.xml:205:9-211:55
	android:screenOrientation
		ADDED from zhiyue/jiayue_1.0/AndroidManifest.xml:209:13-49
	android:label
		ADDED from zhiyue/jiayue_1.0/AndroidManifest.xml:207:13-45
	android:launchMode
		ADDED from zhiyue/jiayue_1.0/AndroidManifest.xml:208:13-43
	android:windowSoftInputMode
		ADDED from zhiyue/jiayue_1.0/AndroidManifest.xml:211:13-52
	android:theme
		ADDED from zhiyue/jiayue_1.0/AndroidManifest.xml:210:13-43
	android:name
		ADDED from zhiyue/jiayue_1.0/AndroidManifest.xml:206:13-42
activity#com.jiayue.PlayActivity
ADDED from zhiyue/jiayue_1.0/AndroidManifest.xml:212:9-217:55
	android:launchMode
		ADDED from zhiyue/jiayue_1.0/AndroidManifest.xml:215:13-43
	android:windowSoftInputMode
		ADDED from zhiyue/jiayue_1.0/AndroidManifest.xml:217:13-52
	android:configChanges
		ADDED from zhiyue/jiayue_1.0/AndroidManifest.xml:214:13-74
	android:theme
		ADDED from zhiyue/jiayue_1.0/AndroidManifest.xml:216:13-43
	android:name
		ADDED from zhiyue/jiayue_1.0/AndroidManifest.xml:213:13-41
activity#com.jiayue.BookAllActivity
ADDED from zhiyue/jiayue_1.0/AndroidManifest.xml:218:9-221:47
	android:launchMode
		ADDED from zhiyue/jiayue_1.0/AndroidManifest.xml:220:13-43
	android:theme
		ADDED from zhiyue/jiayue_1.0/AndroidManifest.xml:221:13-44
	android:name
		ADDED from zhiyue/jiayue_1.0/AndroidManifest.xml:219:13-44
activity#com.jiayue.DianPlayActivity
ADDED from zhiyue/jiayue_1.0/AndroidManifest.xml:222:9-227:55
	android:launchMode
		ADDED from zhiyue/jiayue_1.0/AndroidManifest.xml:225:13-43
	android:windowSoftInputMode
		ADDED from zhiyue/jiayue_1.0/AndroidManifest.xml:227:13-52
	android:configChanges
		ADDED from zhiyue/jiayue_1.0/AndroidManifest.xml:224:13-74
	android:theme
		ADDED from zhiyue/jiayue_1.0/AndroidManifest.xml:226:13-43
	android:name
		ADDED from zhiyue/jiayue_1.0/AndroidManifest.xml:223:13-45
activity#com.jiayue.GoodsListActivity
ADDED from zhiyue/jiayue_1.0/AndroidManifest.xml:228:9-234:55
	android:screenOrientation
		ADDED from zhiyue/jiayue_1.0/AndroidManifest.xml:232:13-49
	android:label
		ADDED from zhiyue/jiayue_1.0/AndroidManifest.xml:230:13-45
	android:launchMode
		ADDED from zhiyue/jiayue_1.0/AndroidManifest.xml:231:13-43
	android:windowSoftInputMode
		ADDED from zhiyue/jiayue_1.0/AndroidManifest.xml:234:13-52
	android:theme
		ADDED from zhiyue/jiayue_1.0/AndroidManifest.xml:233:13-43
	android:name
		ADDED from zhiyue/jiayue_1.0/AndroidManifest.xml:229:13-46
activity#com.jiayue.VipActivity
ADDED from zhiyue/jiayue_1.0/AndroidManifest.xml:235:9-241:55
	android:screenOrientation
		ADDED from zhiyue/jiayue_1.0/AndroidManifest.xml:239:13-49